  [1m[36mActiveRecord::SchemaMigration Load (1.8ms)[0m  [1mSELECT `schema_migrations`.* FROM `schema_migrations`[0m
Migrating to CreateUsers (20130311191400)
  [1m[35m (173.5ms)[0m  CREATE TABLE `users` (`id` int(11) DEFAULT NULL auto_increment PRIMARY KEY, `name` varchar(255), `email` varchar(255), `created_at` datetime, `updated_at` datetime) ENGINE=InnoDB
  [1m[36mSQL (0.1ms)[0m  [1mBEGIN[0m
  [1m[35mSQL (0.4ms)[0m  INSERT INTO `schema_migrations` (`version`) VALUES (?)  [["version", "20130311191400"]]
  [1m[36m (50.9ms)[0m  [1mCOMMIT[0m
Migrating to AddIndexToUsersEmail (20130311194153)
  [1m[35m (140.3ms)[0m  CREATE UNIQUE INDEX `index_users_on_email` ON `users` (`email`) 
  [1m[36mSQL (0.1ms)[0m  [1mBEGIN[0m
  [1m[35mSQL (0.1ms)[0m  INSERT INTO `schema_migrations` (`version`) VALUES (?)  [["version", "20130311194153"]]
  [1m[36m (23.4ms)[0m  [1mCOMMIT[0m
Migrating to AddPasswordDigestToUsers (20130311201841)
  [1m[35m (208.9ms)[0m  ALTER TABLE `users` ADD `password_digest` varchar(255)
  [1m[36mSQL (0.1ms)[0m  [1mBEGIN[0m
  [1m[35mSQL (0.2ms)[0m  INSERT INTO `schema_migrations` (`version`) VALUES (?)  [["version", "20130311201841"]]
  [1m[36m (31.7ms)[0m  [1mCOMMIT[0m
Migrating to AddRememberTokenToUsers (20130314184954)
  [1m[35m (207.2ms)[0m  ALTER TABLE `users` ADD `remember_token` varchar(255)
  [1m[36m (157.7ms)[0m  [1mCREATE INDEX `index_users_on_remember_token` ON `users` (`remember_token`) [0m
  [1m[35mSQL (0.1ms)[0m  BEGIN
  [1m[36mSQL (0.1ms)[0m  [1mINSERT INTO `schema_migrations` (`version`) VALUES (?)[0m  [["version", "20130314184954"]]
  [1m[35m (31.8ms)[0m  COMMIT
Migrating to AddAdminToUsers (20130315015932)
  [1m[36m (215.5ms)[0m  [1mALTER TABLE `users` ADD `admin` tinyint(1)[0m
  [1m[35mSQL (0.1ms)[0m  BEGIN
  [1m[36mSQL (0.2ms)[0m  [1mINSERT INTO `schema_migrations` (`version`) VALUES (?)[0m  [["version", "20130315015932"]]
  [1m[35m (31.7ms)[0m  COMMIT
Migrating to CreateMicroposts (20130315175534)
  [1m[36m (90.3ms)[0m  [1mCREATE TABLE `microposts` (`id` int(11) DEFAULT NULL auto_increment PRIMARY KEY, `content` varchar(255), `user_id` int(11), `created_at` datetime, `updated_at` datetime) ENGINE=InnoDB[0m
  [1m[35m (141.2ms)[0m  CREATE INDEX `index_microposts_on_user_id_and_created_at` ON `microposts` (`user_id`, `created_at`) 
  [1m[36mSQL (0.1ms)[0m  [1mBEGIN[0m
  [1m[35mSQL (0.1ms)[0m  INSERT INTO `schema_migrations` (`version`) VALUES (?)  [["version", "20130315175534"]]
  [1m[36m (31.8ms)[0m  [1mCOMMIT[0m
Migrating to CreateRelationships (20130315230445)
  [1m[35m (98.6ms)[0m  CREATE TABLE `relationships` (`id` int(11) DEFAULT NULL auto_increment PRIMARY KEY, `follower_id` int(11), `followed_id` int(11), `created_at` datetime, `updated_at` datetime) ENGINE=InnoDB
  [1m[36m (141.1ms)[0m  [1mCREATE INDEX `index_relationships_on_follower_id` ON `relationships` (`follower_id`) [0m
  [1m[35m (132.9ms)[0m  CREATE INDEX `index_relationships_on_followed_id` ON `relationships` (`followed_id`) 
  [1m[36m (149.1ms)[0m  [1mCREATE UNIQUE INDEX `index_relationships_on_follower_id_and_followed_id` ON `relationships` (`follower_id`, `followed_id`) [0m
  [1m[35mSQL (0.1ms)[0m  BEGIN
  [1m[36mSQL (0.1ms)[0m  [1mINSERT INTO `schema_migrations` (`version`) VALUES (?)[0m  [["version", "20130315230445"]]
  [1m[35m (33.5ms)[0m  COMMIT
  [1m[36mActiveRecord::SchemaMigration Load (0.3ms)[0m  [1mSELECT `schema_migrations`.* FROM `schema_migrations`[0m


Started GET "/" for 127.0.0.1 at 2014-04-21 11:48:38 +0700
  [1m[36mActiveRecord::SchemaMigration Load (1.7ms)[0m  [1mSELECT `schema_migrations`.* FROM `schema_migrations`[0m
Processing by StaticPagesController#home as HTML
  [1m[35mUser Load (0.3ms)[0m  SELECT `users`.* FROM `users` WHERE `users`.`remember_token` = 'da39a3ee5e6b4b0d3255bfef95601890afd80709' LIMIT 1
  [1m[36mCACHE (0.0ms)[0m  [1mSELECT `users`.* FROM `users` WHERE `users`.`remember_token` = 'da39a3ee5e6b4b0d3255bfef95601890afd80709' LIMIT 1[0m
  Rendered static_pages/home.html.erb within layouts/application (28.6ms)
Warning. Error encountered while saving cache e17ef9d777970b0266920427f5332cf718225e1e/custom.css.scssc: can't dump anonymous class #<Class:0x000000038af018>
Warning. Error encountered while saving cache 1b493974fa6da8157f95a148ea701fc881a75acd/bootstrap.scssc: can't dump anonymous class #<Class:0x000000038af018>
Warning. Error encountered while saving cache d1c4b8dc65a9022069a315d8c5a19e0752dcd039/bootstrap.scssc: can't dump anonymous class #<Class:0x000000038af018>
Warning. Error encountered while saving cache d1c4b8dc65a9022069a315d8c5a19e0752dcd039/_variables.scssc: can't dump anonymous class #<Class:0x000000038af018>
Warning. Error encountered while saving cache d1c4b8dc65a9022069a315d8c5a19e0752dcd039/_mixins.scssc: can't dump anonymous class #<Class:0x000000038af018>
Warning. Error encountered while saving cache d1c4b8dc65a9022069a315d8c5a19e0752dcd039/_reset.scssc: can't dump anonymous class #<Class:0x000000038af018>
Warning. Error encountered while saving cache d1c4b8dc65a9022069a315d8c5a19e0752dcd039/_scaffolding.scssc: can't dump anonymous class #<Class:0x000000038af018>
Warning. Error encountered while saving cache d1c4b8dc65a9022069a315d8c5a19e0752dcd039/_grid.scssc: can't dump anonymous class #<Class:0x000000038af018>
Warning. Error encountered while saving cache d1c4b8dc65a9022069a315d8c5a19e0752dcd039/_layouts.scssc: can't dump anonymous class #<Class:0x000000038af018>
Warning. Error encountered while saving cache d1c4b8dc65a9022069a315d8c5a19e0752dcd039/_type.scssc: can't dump anonymous class #<Class:0x000000038af018>
Warning. Error encountered while saving cache d1c4b8dc65a9022069a315d8c5a19e0752dcd039/_code.scssc: can't dump anonymous class #<Class:0x000000038af018>
Warning. Error encountered while saving cache d1c4b8dc65a9022069a315d8c5a19e0752dcd039/_forms.scssc: can't dump anonymous class #<Class:0x000000038af018>
Warning. Error encountered while saving cache d1c4b8dc65a9022069a315d8c5a19e0752dcd039/_tables.scssc: can't dump anonymous class #<Class:0x000000038af018>
Warning. Error encountered while saving cache d1c4b8dc65a9022069a315d8c5a19e0752dcd039/_sprites.scssc: can't dump anonymous class #<Class:0x000000038af018>
Warning. Error encountered while saving cache d1c4b8dc65a9022069a315d8c5a19e0752dcd039/_dropdowns.scssc: can't dump anonymous class #<Class:0x000000038af018>
Warning. Error encountered while saving cache d1c4b8dc65a9022069a315d8c5a19e0752dcd039/_wells.scssc: can't dump anonymous class #<Class:0x000000038af018>
Warning. Error encountered while saving cache d1c4b8dc65a9022069a315d8c5a19e0752dcd039/_component-animations.scssc: can't dump anonymous class #<Class:0x000000038af018>
Warning. Error encountered while saving cache d1c4b8dc65a9022069a315d8c5a19e0752dcd039/_close.scssc: can't dump anonymous class #<Class:0x000000038af018>
Warning. Error encountered while saving cache d1c4b8dc65a9022069a315d8c5a19e0752dcd039/_buttons.scssc: can't dump anonymous class #<Class:0x000000038af018>
Warning. Error encountered while saving cache d1c4b8dc65a9022069a315d8c5a19e0752dcd039/_button-groups.scssc: can't dump anonymous class #<Class:0x000000038af018>
Warning. Error encountered while saving cache d1c4b8dc65a9022069a315d8c5a19e0752dcd039/_alerts.scssc: can't dump anonymous class #<Class:0x000000038af018>
Warning. Error encountered while saving cache d1c4b8dc65a9022069a315d8c5a19e0752dcd039/_navs.scssc: can't dump anonymous class #<Class:0x000000038af018>
Warning. Error encountered while saving cache d1c4b8dc65a9022069a315d8c5a19e0752dcd039/_navbar.scssc: can't dump anonymous class #<Class:0x000000038af018>
Warning. Error encountered while saving cache d1c4b8dc65a9022069a315d8c5a19e0752dcd039/_breadcrumbs.scssc: can't dump anonymous class #<Class:0x000000038af018>
Warning. Error encountered while saving cache d1c4b8dc65a9022069a315d8c5a19e0752dcd039/_pagination.scssc: can't dump anonymous class #<Class:0x000000038af018>
Warning. Error encountered while saving cache d1c4b8dc65a9022069a315d8c5a19e0752dcd039/_pager.scssc: can't dump anonymous class #<Class:0x000000038af018>
Warning. Error encountered while saving cache d1c4b8dc65a9022069a315d8c5a19e0752dcd039/_modals.scssc: can't dump anonymous class #<Class:0x000000038af018>
Warning. Error encountered while saving cache d1c4b8dc65a9022069a315d8c5a19e0752dcd039/_tooltip.scssc: can't dump anonymous class #<Class:0x000000038af018>
Warning. Error encountered while saving cache d1c4b8dc65a9022069a315d8c5a19e0752dcd039/_popovers.scssc: can't dump anonymous class #<Class:0x000000038af018>
Warning. Error encountered while saving cache d1c4b8dc65a9022069a315d8c5a19e0752dcd039/_thumbnails.scssc: can't dump anonymous class #<Class:0x000000038af018>
Warning. Error encountered while saving cache d1c4b8dc65a9022069a315d8c5a19e0752dcd039/_media.scssc: can't dump anonymous class #<Class:0x000000038af018>
Warning. Error encountered while saving cache d1c4b8dc65a9022069a315d8c5a19e0752dcd039/_labels-badges.scssc: can't dump anonymous class #<Class:0x000000038af018>
Warning. Error encountered while saving cache d1c4b8dc65a9022069a315d8c5a19e0752dcd039/_progress-bars.scssc: can't dump anonymous class #<Class:0x000000038af018>
Warning. Error encountered while saving cache d1c4b8dc65a9022069a315d8c5a19e0752dcd039/_accordion.scssc: can't dump anonymous class #<Class:0x000000038af018>
Warning. Error encountered while saving cache d1c4b8dc65a9022069a315d8c5a19e0752dcd039/_carousel.scssc: can't dump anonymous class #<Class:0x000000038af018>
Warning. Error encountered while saving cache d1c4b8dc65a9022069a315d8c5a19e0752dcd039/_hero-unit.scssc: can't dump anonymous class #<Class:0x000000038af018>
Warning. Error encountered while saving cache d1c4b8dc65a9022069a315d8c5a19e0752dcd039/_utilities.scssc: can't dump anonymous class #<Class:0x000000038af018>
Warning. Error encountered while saving cache e17ef9d777970b0266920427f5332cf718225e1e/sessions.css.scssc: can't dump anonymous class #<Class:0x000000038af018>
Warning. Error encountered while saving cache e17ef9d777970b0266920427f5332cf718225e1e/static_pages.css.scssc: can't dump anonymous class #<Class:0x000000038af018>
Warning. Error encountered while saving cache e17ef9d777970b0266920427f5332cf718225e1e/users.css.scssc: can't dump anonymous class #<Class:0x000000038af018>
  Rendered layouts/_shim.html.erb (0.4ms)
  [1m[35mCACHE (0.0ms)[0m  SELECT `users`.* FROM `users` WHERE `users`.`remember_token` = 'da39a3ee5e6b4b0d3255bfef95601890afd80709' LIMIT 1
  Rendered layouts/_header.html.erb (2.2ms)
  Rendered layouts/_footer.html.erb (0.6ms)
Completed 200 OK in 3365ms (Views: 3329.3ms | ActiveRecord: 1.1ms)


Started GET "/assets/application.css?body=1" for 127.0.0.1 at 2014-04-21 11:48:42 +0700


Started GET "/assets/sessions.css?body=1" for 127.0.0.1 at 2014-04-21 11:48:42 +0700


Started GET "/assets/static_pages.css?body=1" for 127.0.0.1 at 2014-04-21 11:48:42 +0700


Started GET "/assets/custom.css?body=1" for 127.0.0.1 at 2014-04-21 11:48:42 +0700


Started GET "/assets/users.css?body=1" for 127.0.0.1 at 2014-04-21 11:48:42 +0700


Started GET "/assets/jquery.js?body=1" for 127.0.0.1 at 2014-04-21 11:48:42 +0700


Started GET "/assets/jquery_ujs.js?body=1" for 127.0.0.1 at 2014-04-21 11:48:42 +0700


Started GET "/assets/turbolinks.js?body=1" for 127.0.0.1 at 2014-04-21 11:48:42 +0700


Started GET "/assets/bootstrap-transition.js?body=1" for 127.0.0.1 at 2014-04-21 11:48:42 +0700


Started GET "/assets/bootstrap-alert.js?body=1" for 127.0.0.1 at 2014-04-21 11:48:42 +0700


Started GET "/assets/bootstrap-affix.js?body=1" for 127.0.0.1 at 2014-04-21 11:48:42 +0700


Started GET "/assets/bootstrap-button.js?body=1" for 127.0.0.1 at 2014-04-21 11:48:42 +0700


Started GET "/assets/bootstrap-carousel.js?body=1" for 127.0.0.1 at 2014-04-21 11:48:42 +0700


Started GET "/assets/bootstrap-dropdown.js?body=1" for 127.0.0.1 at 2014-04-21 11:48:42 +0700


Started GET "/assets/bootstrap-collapse.js?body=1" for 127.0.0.1 at 2014-04-21 11:48:42 +0700


Started GET "/assets/bootstrap-modal.js?body=1" for 127.0.0.1 at 2014-04-21 11:48:42 +0700


Started GET "/assets/bootstrap-scrollspy.js?body=1" for 127.0.0.1 at 2014-04-21 11:48:42 +0700


Started GET "/assets/bootstrap-tab.js?body=1" for 127.0.0.1 at 2014-04-21 11:48:42 +0700


Started GET "/assets/bootstrap-popover.js?body=1" for 127.0.0.1 at 2014-04-21 11:48:42 +0700


Started GET "/assets/bootstrap-tooltip.js?body=1" for 127.0.0.1 at 2014-04-21 11:48:42 +0700


Started GET "/assets/bootstrap-typeahead.js?body=1" for 127.0.0.1 at 2014-04-21 11:48:42 +0700


Started GET "/assets/sessions.js?body=1" for 127.0.0.1 at 2014-04-21 11:48:42 +0700


Started GET "/assets/bootstrap.js?body=1" for 127.0.0.1 at 2014-04-21 11:48:42 +0700


Started GET "/assets/users.js?body=1" for 127.0.0.1 at 2014-04-21 11:48:42 +0700


Started GET "/assets/static_pages.js?body=1" for 127.0.0.1 at 2014-04-21 11:48:42 +0700


Started GET "/assets/application.js?body=1" for 127.0.0.1 at 2014-04-21 11:48:42 +0700


Started GET "/assets/rails.png" for 127.0.0.1 at 2014-04-21 11:48:42 +0700


Started GET "/signup" for 127.0.0.1 at 2014-04-21 11:48:49 +0700
Processing by UsersController#new as HTML
  Rendered shared/_error_messages.html.erb (4.7ms)
  Rendered users/new.html.erb within layouts/application (380.5ms)
  Rendered layouts/_shim.html.erb (0.3ms)
  [1m[36mUser Load (0.2ms)[0m  [1mSELECT `users`.* FROM `users` WHERE `users`.`remember_token` = 'da39a3ee5e6b4b0d3255bfef95601890afd80709' LIMIT 1[0m
  Rendered layouts/_header.html.erb (1.8ms)
  Rendered layouts/_footer.html.erb (0.5ms)
Completed 200 OK in 432ms (Views: 430.9ms | ActiveRecord: 0.4ms)


Started POST "/users" for 127.0.0.1 at 2014-04-21 11:49:05 +0700
Processing by UsersController#create as HTML
  Parameters: {"utf8"=>"✓", "authenticity_token"=>"2ZgA+CpM7knFFlZNK/fCFoTCPxbbw9/xPObp1l3wsxg=", "user"=>{"name"=>"Binh Hoang", "email"=>"binhhoang@magrabbit.com", "password"=>"[FILTERED]", "password_confirmation"=>"[FILTERED]"}, "commit"=>"Create my account"}
  [1m[35mSQL (0.1ms)[0m  BEGIN
  [1m[36mUser Exists (0.3ms)[0m  [1mSELECT 1 AS one FROM `users` WHERE `users`.`email` = 'binhhoang@magrabbit.com' LIMIT 1[0m
  [1m[35mSQL (154.3ms)[0m  INSERT INTO `users` (`created_at`, `email`, `name`, `password_digest`, `remember_token`, `updated_at`) VALUES (?, ?, ?, ?, ?, ?)  [["created_at", Mon, 21 Apr 2014 04:49:06 UTC +00:00], ["email", "binhhoang@magrabbit.com"], ["name", "Binh Hoang"], ["password_digest", "$2a$10$iWALQzCdZ2Mh8NqZE5zBk.svWT9zcYCgM1FCxX9QtPDWcmx3cV/uq"], ["remember_token", "23b0b89120c415b004f0ae50daf12a59326cc87e"], ["updated_at", Mon, 21 Apr 2014 04:49:06 UTC +00:00]]
  [1m[36m (55.8ms)[0m  [1mCOMMIT[0m
  [1m[35mSQL (0.1ms)[0m  BEGIN
  [1m[36mSQL (0.6ms)[0m  [1mUPDATE `users` SET `remember_token` = ?, `updated_at` = ? WHERE `users`.`id` = 1[0m  [["remember_token", "eebe4fa7d484ed914c8561ef163a408af1de1b16"], ["updated_at", Mon, 21 Apr 2014 04:49:06 UTC +00:00]]
  [1m[35m (37.6ms)[0m  COMMIT
Redirected to http://localhost:3000/users/1
Completed 302 Found in 391ms (ActiveRecord: 248.7ms)


Started GET "/users/1" for 127.0.0.1 at 2014-04-21 11:49:06 +0700
Processing by UsersController#show as HTML
  Parameters: {"id"=>"1"}
  [1m[36mUser Load (0.5ms)[0m  [1mSELECT `users`.* FROM `users` WHERE `users`.`id` = ? LIMIT 1[0m  [["id", "1"]]
  [1m[35m (0.4ms)[0m  SELECT COUNT(*) FROM `users` INNER JOIN `relationships` ON `users`.`id` = `relationships`.`followed_id` WHERE `relationships`.`follower_id` = ?  [["follower_id", 1]]
  [1m[36m (0.4ms)[0m  [1mSELECT COUNT(*) FROM `users` INNER JOIN `relationships` ON `users`.`id` = `relationships`.`follower_id` WHERE `relationships`.`followed_id` = ?[0m  [["followed_id", 1]]
  Rendered shared/_stats.html.erb (50.5ms)
  [1m[35mUser Load (0.3ms)[0m  SELECT `users`.* FROM `users` WHERE `users`.`remember_token` = 'eebe4fa7d484ed914c8561ef163a408af1de1b16' LIMIT 1
  Rendered users/_follow_form.html.erb (0.5ms)
  [1m[36mMicropost Exists (0.4ms)[0m  [1mSELECT 1 AS one FROM `microposts` WHERE `microposts`.`user_id` = ? ORDER BY created_at DESC LIMIT 1[0m  [["user_id", 1]]
  Rendered users/show.html.erb within layouts/application (57.5ms)
  Rendered layouts/_shim.html.erb (0.1ms)
  Rendered layouts/_header.html.erb (0.9ms)
  Rendered layouts/_footer.html.erb (0.1ms)
Completed 200 OK in 140ms (Views: 66.6ms | ActiveRecord: 3.5ms)


Started GET "/assets/application.css?body=1" for 127.0.0.1 at 2014-04-21 11:49:06 +0700


Started GET "/assets/custom.css?body=1" for 127.0.0.1 at 2014-04-21 11:49:06 +0700


Started GET "/assets/sessions.css?body=1" for 127.0.0.1 at 2014-04-21 11:49:06 +0700


Started GET "/assets/static_pages.css?body=1" for 127.0.0.1 at 2014-04-21 11:49:06 +0700


Started GET "/assets/users.css?body=1" for 127.0.0.1 at 2014-04-21 11:49:06 +0700


Started GET "/assets/jquery.js?body=1" for 127.0.0.1 at 2014-04-21 11:49:06 +0700


Started GET "/assets/jquery_ujs.js?body=1" for 127.0.0.1 at 2014-04-21 11:49:06 +0700


Started GET "/assets/bootstrap-transition.js?body=1" for 127.0.0.1 at 2014-04-21 11:49:06 +0700


Started GET "/assets/bootstrap-affix.js?body=1" for 127.0.0.1 at 2014-04-21 11:49:06 +0700


Started GET "/assets/bootstrap-alert.js?body=1" for 127.0.0.1 at 2014-04-21 11:49:06 +0700


Started GET "/assets/turbolinks.js?body=1" for 127.0.0.1 at 2014-04-21 11:49:06 +0700


Started GET "/assets/bootstrap-button.js?body=1" for 127.0.0.1 at 2014-04-21 11:49:06 +0700


Started GET "/assets/bootstrap-carousel.js?body=1" for 127.0.0.1 at 2014-04-21 11:49:06 +0700


Started GET "/assets/bootstrap-dropdown.js?body=1" for 127.0.0.1 at 2014-04-21 11:49:06 +0700


Started GET "/assets/bootstrap-collapse.js?body=1" for 127.0.0.1 at 2014-04-21 11:49:06 +0700


Started GET "/assets/bootstrap-modal.js?body=1" for 127.0.0.1 at 2014-04-21 11:49:06 +0700


Started GET "/assets/bootstrap-scrollspy.js?body=1" for 127.0.0.1 at 2014-04-21 11:49:06 +0700


Started GET "/assets/bootstrap-popover.js?body=1" for 127.0.0.1 at 2014-04-21 11:49:06 +0700


Started GET "/assets/bootstrap-tab.js?body=1" for 127.0.0.1 at 2014-04-21 11:49:06 +0700


Started GET "/assets/bootstrap-typeahead.js?body=1" for 127.0.0.1 at 2014-04-21 11:49:06 +0700


Started GET "/assets/bootstrap.js?body=1" for 127.0.0.1 at 2014-04-21 11:49:06 +0700


Started GET "/assets/sessions.js?body=1" for 127.0.0.1 at 2014-04-21 11:49:06 +0700


Started GET "/assets/bootstrap-tooltip.js?body=1" for 127.0.0.1 at 2014-04-21 11:49:06 +0700


Started GET "/assets/static_pages.js?body=1" for 127.0.0.1 at 2014-04-21 11:49:06 +0700


Started GET "/assets/users.js?body=1" for 127.0.0.1 at 2014-04-21 11:49:06 +0700


Started GET "/assets/application.js?body=1" for 127.0.0.1 at 2014-04-21 11:49:06 +0700


Started GET "/users" for 127.0.0.1 at 2014-04-21 11:49:11 +0700
Processing by UsersController#index as HTML
  [1m[35mUser Load (0.2ms)[0m  SELECT `users`.* FROM `users` WHERE `users`.`remember_token` = 'eebe4fa7d484ed914c8561ef163a408af1de1b16' LIMIT 1
  [1m[36m (0.3ms)[0m  [1mSELECT COUNT(*) FROM `users`[0m
  [1m[35mUser Load (0.3ms)[0m  SELECT `users`.* FROM `users` LIMIT 30 OFFSET 0
  Rendered users/_user.html.erb (1.4ms)
  Rendered users/index.html.erb within layouts/application (5.8ms)
  Rendered layouts/_shim.html.erb (0.1ms)
  Rendered layouts/_header.html.erb (0.6ms)
  Rendered layouts/_footer.html.erb (0.1ms)
Completed 200 OK in 20ms (Views: 18.0ms | ActiveRecord: 0.8ms)


Started GET "/users/1" for 127.0.0.1 at 2014-04-21 11:49:13 +0700
Processing by UsersController#show as HTML
  Parameters: {"id"=>"1"}
  [1m[36mUser Load (0.2ms)[0m  [1mSELECT `users`.* FROM `users` WHERE `users`.`id` = ? LIMIT 1[0m  [["id", "1"]]
  [1m[35m (0.2ms)[0m  SELECT COUNT(*) FROM `users` INNER JOIN `relationships` ON `users`.`id` = `relationships`.`followed_id` WHERE `relationships`.`follower_id` = ?  [["follower_id", 1]]
  [1m[36m (0.1ms)[0m  [1mSELECT COUNT(*) FROM `users` INNER JOIN `relationships` ON `users`.`id` = `relationships`.`follower_id` WHERE `relationships`.`followed_id` = ?[0m  [["followed_id", 1]]
  Rendered shared/_stats.html.erb (4.3ms)
  [1m[35mUser Load (0.2ms)[0m  SELECT `users`.* FROM `users` WHERE `users`.`remember_token` = 'eebe4fa7d484ed914c8561ef163a408af1de1b16' LIMIT 1
  Rendered users/_follow_form.html.erb (0.8ms)
  [1m[36mMicropost Exists (0.2ms)[0m  [1mSELECT 1 AS one FROM `microposts` WHERE `microposts`.`user_id` = ? ORDER BY created_at DESC LIMIT 1[0m  [["user_id", 1]]
  Rendered users/show.html.erb within layouts/application (10.9ms)
  Rendered layouts/_shim.html.erb (0.1ms)
  Rendered layouts/_header.html.erb (0.7ms)
  Rendered layouts/_footer.html.erb (0.2ms)
Completed 200 OK in 25ms (Views: 22.2ms | ActiveRecord: 0.8ms)


Started GET "/users/1" for 127.0.0.1 at 2014-04-21 11:49:16 +0700
Processing by UsersController#show as HTML
  Parameters: {"id"=>"1"}
  [1m[35mUser Load (0.2ms)[0m  SELECT `users`.* FROM `users` WHERE `users`.`id` = ? LIMIT 1  [["id", "1"]]
  [1m[36m (0.2ms)[0m  [1mSELECT COUNT(*) FROM `users` INNER JOIN `relationships` ON `users`.`id` = `relationships`.`followed_id` WHERE `relationships`.`follower_id` = ?[0m  [["follower_id", 1]]
  [1m[35m (0.1ms)[0m  SELECT COUNT(*) FROM `users` INNER JOIN `relationships` ON `users`.`id` = `relationships`.`follower_id` WHERE `relationships`.`followed_id` = ?  [["followed_id", 1]]
  Rendered shared/_stats.html.erb (2.8ms)
  [1m[36mUser Load (0.1ms)[0m  [1mSELECT `users`.* FROM `users` WHERE `users`.`remember_token` = 'eebe4fa7d484ed914c8561ef163a408af1de1b16' LIMIT 1[0m
  Rendered users/_follow_form.html.erb (0.1ms)
  [1m[35mMicropost Exists (0.1ms)[0m  SELECT 1 AS one FROM `microposts` WHERE `microposts`.`user_id` = ? ORDER BY created_at DESC LIMIT 1  [["user_id", 1]]
  Rendered users/show.html.erb within layouts/application (5.7ms)
  Rendered layouts/_shim.html.erb (0.1ms)
  Rendered layouts/_header.html.erb (0.8ms)
  Rendered layouts/_footer.html.erb (0.2ms)
Completed 200 OK in 59ms (Views: 56.4ms | ActiveRecord: 0.6ms)


Started GET "/users/1/edit" for 127.0.0.1 at 2014-04-21 11:49:19 +0700
Processing by UsersController#edit as HTML
  Parameters: {"id"=>"1"}
  [1m[36mUser Load (0.2ms)[0m  [1mSELECT `users`.* FROM `users` WHERE `users`.`remember_token` = 'eebe4fa7d484ed914c8561ef163a408af1de1b16' LIMIT 1[0m
  [1m[35mUser Load (0.1ms)[0m  SELECT `users`.* FROM `users` WHERE `users`.`id` = ? LIMIT 1  [["id", "1"]]
  Rendered shared/_error_messages.html.erb (0.1ms)
  Rendered users/edit.html.erb within layouts/application (4.4ms)
  Rendered layouts/_shim.html.erb (0.1ms)
  Rendered layouts/_header.html.erb (0.8ms)
  Rendered layouts/_footer.html.erb (0.2ms)
Completed 200 OK in 18ms (Views: 16.2ms | ActiveRecord: 0.3ms)


Started GET "/help" for 127.0.0.1 at 2014-04-21 11:49:23 +0700
Processing by StaticPagesController#help as HTML
  Rendered static_pages/help.html.erb within layouts/application (0.4ms)
  Rendered layouts/_shim.html.erb (0.1ms)
  [1m[36mUser Load (0.2ms)[0m  [1mSELECT `users`.* FROM `users` WHERE `users`.`remember_token` = 'eebe4fa7d484ed914c8561ef163a408af1de1b16' LIMIT 1[0m
  Rendered layouts/_header.html.erb (3.3ms)
  Rendered layouts/_footer.html.erb (0.2ms)
Completed 200 OK in 15ms (Views: 14.6ms | ActiveRecord: 0.2ms)


Started GET "/" for 127.0.0.1 at 2014-04-21 11:49:24 +0700
Processing by StaticPagesController#home as HTML
  [1m[35mUser Load (0.2ms)[0m  SELECT `users`.* FROM `users` WHERE `users`.`remember_token` = 'eebe4fa7d484ed914c8561ef163a408af1de1b16' LIMIT 1
  [1m[36m (0.5ms)[0m  [1mSELECT COUNT(*) FROM `microposts` WHERE `microposts`.`user_id` = ?[0m  [["user_id", 1]]
  Rendered shared/_user_info.html.erb (3.2ms)
  [1m[35m (0.1ms)[0m  SELECT COUNT(*) FROM `users` INNER JOIN `relationships` ON `users`.`id` = `relationships`.`followed_id` WHERE `relationships`.`follower_id` = ?  [["follower_id", 1]]
  [1m[36m (0.1ms)[0m  [1mSELECT COUNT(*) FROM `users` INNER JOIN `relationships` ON `users`.`id` = `relationships`.`follower_id` WHERE `relationships`.`followed_id` = ?[0m  [["followed_id", 1]]
  Rendered shared/_stats.html.erb (3.1ms)
  Rendered shared/_error_messages.html.erb (0.1ms)
  Rendered shared/_micropost_form.html.erb (5.3ms)
  [1m[35m (0.3ms)[0m  SELECT COUNT(*) FROM `microposts` WHERE (user_id IN (SELECT followed_id FROM relationships
 WHERE follower_id = 1) OR user_id = 1)
  Rendered shared/_feed.html.erb (1.9ms)
  Rendered static_pages/home.html.erb within layouts/application (17.0ms)
  Rendered layouts/_shim.html.erb (0.0ms)
  Rendered layouts/_header.html.erb (0.8ms)
  Rendered layouts/_footer.html.erb (0.1ms)
Completed 200 OK in 35ms (Views: 27.2ms | ActiveRecord: 1.3ms)


Started POST "/microposts" for 127.0.0.1 at 2014-04-21 11:49:30 +0700
Processing by MicropostsController#create as HTML
  Parameters: {"utf8"=>"✓", "authenticity_token"=>"2ZgA+CpM7knFFlZNK/fCFoTCPxbbw9/xPObp1l3wsxg=", "micropost"=>{"content"=>"gfhfhfjhfhjfhjfjhfjh"}, "commit"=>"Post"}
  [1m[36mUser Load (0.2ms)[0m  [1mSELECT `users`.* FROM `users` WHERE `users`.`remember_token` = 'eebe4fa7d484ed914c8561ef163a408af1de1b16' LIMIT 1[0m
  [1m[35mSQL (0.1ms)[0m  BEGIN
  [1m[36mSQL (0.5ms)[0m  [1mINSERT INTO `microposts` (`content`, `created_at`, `updated_at`, `user_id`) VALUES (?, ?, ?, ?)[0m  [["content", "gfhfhfjhfhjfhjfjhfjh"], ["created_at", Mon, 21 Apr 2014 04:49:30 UTC +00:00], ["updated_at", Mon, 21 Apr 2014 04:49:30 UTC +00:00], ["user_id", 1]]
  [1m[35m (30.4ms)[0m  COMMIT
Redirected to http://localhost:3000/
Completed 302 Found in 37ms (ActiveRecord: 31.2ms)


Started GET "/" for 127.0.0.1 at 2014-04-21 11:49:30 +0700
Processing by StaticPagesController#home as HTML
  [1m[36mUser Load (0.2ms)[0m  [1mSELECT `users`.* FROM `users` WHERE `users`.`remember_token` = 'eebe4fa7d484ed914c8561ef163a408af1de1b16' LIMIT 1[0m
  [1m[35m (0.4ms)[0m  SELECT COUNT(*) FROM `microposts` WHERE `microposts`.`user_id` = ?  [["user_id", 1]]
  Rendered shared/_user_info.html.erb (2.9ms)
  [1m[36m (0.1ms)[0m  [1mSELECT COUNT(*) FROM `users` INNER JOIN `relationships` ON `users`.`id` = `relationships`.`followed_id` WHERE `relationships`.`follower_id` = ?[0m  [["follower_id", 1]]
  [1m[35m (0.1ms)[0m  SELECT COUNT(*) FROM `users` INNER JOIN `relationships` ON `users`.`id` = `relationships`.`follower_id` WHERE `relationships`.`followed_id` = ?  [["followed_id", 1]]
  Rendered shared/_stats.html.erb (2.7ms)
  Rendered shared/_error_messages.html.erb (0.4ms)
  Rendered shared/_micropost_form.html.erb (2.6ms)
  [1m[36m (0.4ms)[0m  [1mSELECT COUNT(*) FROM `microposts` WHERE (user_id IN (SELECT followed_id FROM relationships
 WHERE follower_id = 1) OR user_id = 1)[0m
  [1m[35mMicropost Load (0.3ms)[0m  SELECT `microposts`.* FROM `microposts` WHERE (user_id IN (SELECT followed_id FROM relationships
 WHERE follower_id = 1) OR user_id = 1) ORDER BY created_at DESC LIMIT 30 OFFSET 0
  [1m[36mUser Load (0.4ms)[0m  [1mSELECT `users`.* FROM `users` WHERE `users`.`id` = ? LIMIT 1[0m  [["id", 1]]
  Rendered shared/_feed_item.html.erb (50.1ms)
  Rendered shared/_feed.html.erb (54.1ms)
  Rendered static_pages/home.html.erb within layouts/application (64.6ms)
  Rendered layouts/_shim.html.erb (0.1ms)
  Rendered layouts/_header.html.erb (0.8ms)
  Rendered layouts/_footer.html.erb (0.2ms)
Completed 200 OK in 80ms (Views: 75.7ms | ActiveRecord: 1.9ms)


Started GET "/assets/application.css?body=1" for 127.0.0.1 at 2014-04-21 11:49:30 +0700


Started GET "/assets/custom.css?body=1" for 127.0.0.1 at 2014-04-21 11:49:30 +0700


Started GET "/assets/users.css?body=1" for 127.0.0.1 at 2014-04-21 11:49:30 +0700


Started GET "/assets/static_pages.css?body=1" for 127.0.0.1 at 2014-04-21 11:49:30 +0700


Started GET "/assets/sessions.css?body=1" for 127.0.0.1 at 2014-04-21 11:49:30 +0700


Started GET "/assets/jquery.js?body=1" for 127.0.0.1 at 2014-04-21 11:49:30 +0700


Started GET "/assets/jquery_ujs.js?body=1" for 127.0.0.1 at 2014-04-21 11:49:30 +0700


Started GET "/assets/bootstrap-transition.js?body=1" for 127.0.0.1 at 2014-04-21 11:49:30 +0700


Started GET "/assets/turbolinks.js?body=1" for 127.0.0.1 at 2014-04-21 11:49:30 +0700


Started GET "/assets/bootstrap-affix.js?body=1" for 127.0.0.1 at 2014-04-21 11:49:30 +0700


Started GET "/assets/bootstrap-alert.js?body=1" for 127.0.0.1 at 2014-04-21 11:49:30 +0700


Started GET "/assets/bootstrap-button.js?body=1" for 127.0.0.1 at 2014-04-21 11:49:30 +0700


Started GET "/assets/bootstrap-carousel.js?body=1" for 127.0.0.1 at 2014-04-21 11:49:30 +0700


Started GET "/assets/bootstrap-dropdown.js?body=1" for 127.0.0.1 at 2014-04-21 11:49:30 +0700


Started GET "/assets/bootstrap-collapse.js?body=1" for 127.0.0.1 at 2014-04-21 11:49:30 +0700


Started GET "/assets/bootstrap-modal.js?body=1" for 127.0.0.1 at 2014-04-21 11:49:30 +0700


Started GET "/assets/bootstrap-tooltip.js?body=1" for 127.0.0.1 at 2014-04-21 11:49:30 +0700


Started GET "/assets/bootstrap-tab.js?body=1" for 127.0.0.1 at 2014-04-21 11:49:30 +0700


Started GET "/assets/bootstrap-scrollspy.js?body=1" for 127.0.0.1 at 2014-04-21 11:49:30 +0700


Started GET "/assets/bootstrap-popover.js?body=1" for 127.0.0.1 at 2014-04-21 11:49:30 +0700


Started GET "/assets/bootstrap-typeahead.js?body=1" for 127.0.0.1 at 2014-04-21 11:49:30 +0700


Started GET "/assets/bootstrap.js?body=1" for 127.0.0.1 at 2014-04-21 11:49:30 +0700


Started GET "/assets/sessions.js?body=1" for 127.0.0.1 at 2014-04-21 11:49:30 +0700


Started GET "/assets/users.js?body=1" for 127.0.0.1 at 2014-04-21 11:49:30 +0700


Started GET "/assets/static_pages.js?body=1" for 127.0.0.1 at 2014-04-21 11:49:30 +0700


Started GET "/assets/application.js?body=1" for 127.0.0.1 at 2014-04-21 11:49:30 +0700


Started GET "/help" for 127.0.0.1 at 2014-04-21 12:53:42 +0700
Processing by StaticPagesController#help as HTML
  Rendered static_pages/help.html.erb within layouts/application (0.1ms)
  Rendered layouts/_shim.html.erb (0.1ms)
  [1m[35mUser Load (0.2ms)[0m  SELECT `users`.* FROM `users` WHERE `users`.`remember_token` = 'eebe4fa7d484ed914c8561ef163a408af1de1b16' LIMIT 1
  Rendered layouts/_header.html.erb (1.8ms)
  Rendered layouts/_footer.html.erb (0.2ms)
Completed 200 OK in 13ms (Views: 12.1ms | ActiveRecord: 0.2ms)


Started GET "/help" for 127.0.0.1 at 2014-04-21 12:53:52 +0700
Processing by StaticPagesController#help as HTML
  Rendered static_pages/help.html.erb within layouts/application (0.1ms)
  Rendered layouts/_shim.html.erb (0.0ms)
  [1m[36mUser Load (0.2ms)[0m  [1mSELECT `users`.* FROM `users` WHERE `users`.`remember_token` = 'eebe4fa7d484ed914c8561ef163a408af1de1b16' LIMIT 1[0m
  Rendered layouts/_header.html.erb (1.4ms)
  Rendered layouts/_footer.html.erb (0.1ms)
Completed 200 OK in 12ms (Views: 11.6ms | ActiveRecord: 0.2ms)


Started GET "/" for 127.0.0.1 at 2014-04-21 12:53:53 +0700
Processing by StaticPagesController#home as HTML
  [1m[35mUser Load (0.1ms)[0m  SELECT `users`.* FROM `users` WHERE `users`.`remember_token` = 'eebe4fa7d484ed914c8561ef163a408af1de1b16' LIMIT 1
  [1m[36m (0.2ms)[0m  [1mSELECT COUNT(*) FROM `microposts` WHERE `microposts`.`user_id` = ?[0m  [["user_id", 1]]
  Rendered shared/_user_info.html.erb (1.7ms)
  [1m[35m (0.1ms)[0m  SELECT COUNT(*) FROM `users` INNER JOIN `relationships` ON `users`.`id` = `relationships`.`followed_id` WHERE `relationships`.`follower_id` = ?  [["follower_id", 1]]
  [1m[36m (0.1ms)[0m  [1mSELECT COUNT(*) FROM `users` INNER JOIN `relationships` ON `users`.`id` = `relationships`.`follower_id` WHERE `relationships`.`followed_id` = ?[0m  [["followed_id", 1]]
  Rendered shared/_stats.html.erb (2.5ms)
  Rendered shared/_error_messages.html.erb (0.0ms)
  Rendered shared/_micropost_form.html.erb (1.9ms)
  [1m[35m (0.2ms)[0m  SELECT COUNT(*) FROM `microposts` WHERE (user_id IN (SELECT followed_id FROM relationships
 WHERE follower_id = 1) OR user_id = 1)
  [1m[36mMicropost Load (0.2ms)[0m  [1mSELECT `microposts`.* FROM `microposts` WHERE (user_id IN (SELECT followed_id FROM relationships
 WHERE follower_id = 1) OR user_id = 1) ORDER BY created_at DESC LIMIT 30 OFFSET 0[0m
  [1m[35mUser Load (0.2ms)[0m  SELECT `users`.* FROM `users` WHERE `users`.`id` = ? LIMIT 1  [["id", 1]]
  Rendered shared/_feed_item.html.erb (3.6ms)
  Rendered shared/_feed.html.erb (7.1ms)
  Rendered static_pages/home.html.erb within layouts/application (15.5ms)
  Rendered layouts/_shim.html.erb (0.1ms)
  Rendered layouts/_header.html.erb (0.7ms)
  Rendered layouts/_footer.html.erb (0.2ms)
Completed 200 OK in 29ms (Views: 25.8ms | ActiveRecord: 1.1ms)


Started GET "/help" for 127.0.0.1 at 2014-04-21 12:53:54 +0700
Processing by StaticPagesController#help as HTML
  Rendered static_pages/help.html.erb within layouts/application (0.1ms)
  Rendered layouts/_shim.html.erb (0.0ms)
  [1m[36mUser Load (0.2ms)[0m  [1mSELECT `users`.* FROM `users` WHERE `users`.`remember_token` = 'eebe4fa7d484ed914c8561ef163a408af1de1b16' LIMIT 1[0m
  Rendered layouts/_header.html.erb (1.5ms)
  Rendered layouts/_footer.html.erb (0.2ms)
Completed 200 OK in 12ms (Views: 11.6ms | ActiveRecord: 0.2ms)


Started GET "/users" for 127.0.0.1 at 2014-04-21 12:53:55 +0700
Processing by UsersController#index as HTML
  [1m[35mUser Load (0.1ms)[0m  SELECT `users`.* FROM `users` WHERE `users`.`remember_token` = 'eebe4fa7d484ed914c8561ef163a408af1de1b16' LIMIT 1
  [1m[36m (0.1ms)[0m  [1mSELECT COUNT(*) FROM `users`[0m
  [1m[35mUser Load (0.1ms)[0m  SELECT `users`.* FROM `users` LIMIT 30 OFFSET 0
  Rendered users/_user.html.erb (0.6ms)
  Rendered users/index.html.erb within layouts/application (2.7ms)
  Rendered layouts/_shim.html.erb (0.1ms)
  Rendered layouts/_header.html.erb (0.7ms)
  Rendered layouts/_footer.html.erb (0.2ms)
Completed 200 OK in 15ms (Views: 14.0ms | ActiveRecord: 0.3ms)


Started GET "/" for 127.0.0.1 at 2014-04-21 12:53:55 +0700
Processing by StaticPagesController#home as HTML
  [1m[36mUser Load (0.2ms)[0m  [1mSELECT `users`.* FROM `users` WHERE `users`.`remember_token` = 'eebe4fa7d484ed914c8561ef163a408af1de1b16' LIMIT 1[0m
  [1m[35m (3.1ms)[0m  SELECT COUNT(*) FROM `microposts` WHERE `microposts`.`user_id` = ?  [["user_id", 1]]
  Rendered shared/_user_info.html.erb (46.6ms)
  [1m[36m (0.1ms)[0m  [1mSELECT COUNT(*) FROM `users` INNER JOIN `relationships` ON `users`.`id` = `relationships`.`followed_id` WHERE `relationships`.`follower_id` = ?[0m  [["follower_id", 1]]
  [1m[35m (0.1ms)[0m  SELECT COUNT(*) FROM `users` INNER JOIN `relationships` ON `users`.`id` = `relationships`.`follower_id` WHERE `relationships`.`followed_id` = ?  [["followed_id", 1]]
  Rendered shared/_stats.html.erb (2.8ms)
  Rendered shared/_error_messages.html.erb (0.0ms)
  Rendered shared/_micropost_form.html.erb (1.9ms)
  [1m[36m (0.2ms)[0m  [1mSELECT COUNT(*) FROM `microposts` WHERE (user_id IN (SELECT followed_id FROM relationships
 WHERE follower_id = 1) OR user_id = 1)[0m
  [1m[35mMicropost Load (0.2ms)[0m  SELECT `microposts`.* FROM `microposts` WHERE (user_id IN (SELECT followed_id FROM relationships
 WHERE follower_id = 1) OR user_id = 1) ORDER BY created_at DESC LIMIT 30 OFFSET 0
  [1m[36mUser Load (0.2ms)[0m  [1mSELECT `users`.* FROM `users` WHERE `users`.`id` = ? LIMIT 1[0m  [["id", 1]]
  Rendered shared/_feed_item.html.erb (2.6ms)
  Rendered shared/_feed.html.erb (5.9ms)
  Rendered static_pages/home.html.erb within layouts/application (59.8ms)
  Rendered layouts/_shim.html.erb (0.0ms)
  Rendered layouts/_header.html.erb (0.6ms)
  Rendered layouts/_footer.html.erb (0.2ms)
Completed 200 OK in 74ms (Views: 67.0ms | ActiveRecord: 4.1ms)


Started GET "/help" for 127.0.0.1 at 2014-04-21 12:53:56 +0700
Processing by StaticPagesController#help as HTML
  Rendered static_pages/help.html.erb within layouts/application (0.1ms)
  Rendered layouts/_shim.html.erb (0.0ms)
  [1m[35mUser Load (0.2ms)[0m  SELECT `users`.* FROM `users` WHERE `users`.`remember_token` = 'eebe4fa7d484ed914c8561ef163a408af1de1b16' LIMIT 1
  Rendered layouts/_header.html.erb (1.7ms)
  Rendered layouts/_footer.html.erb (0.2ms)
Completed 200 OK in 13ms (Views: 12.5ms | ActiveRecord: 0.2ms)


Started GET "/users" for 127.0.0.1 at 2014-04-21 12:53:56 +0700
Processing by UsersController#index as HTML
  [1m[36mUser Load (0.2ms)[0m  [1mSELECT `users`.* FROM `users` WHERE `users`.`remember_token` = 'eebe4fa7d484ed914c8561ef163a408af1de1b16' LIMIT 1[0m
  [1m[35m (0.1ms)[0m  SELECT COUNT(*) FROM `users`
  [1m[36mUser Load (0.1ms)[0m  [1mSELECT `users`.* FROM `users` LIMIT 30 OFFSET 0[0m
  Rendered users/_user.html.erb (0.6ms)
  Rendered users/index.html.erb within layouts/application (2.7ms)
  Rendered layouts/_shim.html.erb (0.1ms)
  Rendered layouts/_header.html.erb (0.7ms)
  Rendered layouts/_footer.html.erb (0.2ms)
Completed 200 OK in 16ms (Views: 15.0ms | ActiveRecord: 0.4ms)


Started GET "/" for 127.0.0.1 at 2014-04-21 12:53:58 +0700
Processing by StaticPagesController#home as HTML
  [1m[35mUser Load (0.2ms)[0m  SELECT `users`.* FROM `users` WHERE `users`.`remember_token` = 'eebe4fa7d484ed914c8561ef163a408af1de1b16' LIMIT 1
  [1m[36m (0.2ms)[0m  [1mSELECT COUNT(*) FROM `microposts` WHERE `microposts`.`user_id` = ?[0m  [["user_id", 1]]
  Rendered shared/_user_info.html.erb (1.8ms)
  [1m[35m (0.1ms)[0m  SELECT COUNT(*) FROM `users` INNER JOIN `relationships` ON `users`.`id` = `relationships`.`followed_id` WHERE `relationships`.`follower_id` = ?  [["follower_id", 1]]
  [1m[36m (0.1ms)[0m  [1mSELECT COUNT(*) FROM `users` INNER JOIN `relationships` ON `users`.`id` = `relationships`.`follower_id` WHERE `relationships`.`followed_id` = ?[0m  [["followed_id", 1]]
  Rendered shared/_stats.html.erb (2.6ms)
  Rendered shared/_error_messages.html.erb (0.1ms)
  Rendered shared/_micropost_form.html.erb (2.0ms)
  [1m[35m (0.2ms)[0m  SELECT COUNT(*) FROM `microposts` WHERE (user_id IN (SELECT followed_id FROM relationships
 WHERE follower_id = 1) OR user_id = 1)
  [1m[36mMicropost Load (0.2ms)[0m  [1mSELECT `microposts`.* FROM `microposts` WHERE (user_id IN (SELECT followed_id FROM relationships
 WHERE follower_id = 1) OR user_id = 1) ORDER BY created_at DESC LIMIT 30 OFFSET 0[0m
  [1m[35mUser Load (0.2ms)[0m  SELECT `users`.* FROM `users` WHERE `users`.`id` = ? LIMIT 1  [["id", 1]]
  Rendered shared/_feed_item.html.erb (2.6ms)
  Rendered shared/_feed.html.erb (5.9ms)
  Rendered static_pages/home.html.erb within layouts/application (14.7ms)
  Rendered layouts/_shim.html.erb (0.1ms)
  Rendered layouts/_header.html.erb (0.7ms)
  Rendered layouts/_footer.html.erb (0.2ms)
Completed 200 OK in 28ms (Views: 25.0ms | ActiveRecord: 1.1ms)


Started GET "/users/1" for 127.0.0.1 at 2014-04-21 12:53:59 +0700
Processing by UsersController#show as HTML
  Parameters: {"id"=>"1"}
  [1m[36mUser Load (0.2ms)[0m  [1mSELECT `users`.* FROM `users` WHERE `users`.`id` = ? LIMIT 1[0m  [["id", "1"]]
  [1m[35m (0.1ms)[0m  SELECT COUNT(*) FROM `users` INNER JOIN `relationships` ON `users`.`id` = `relationships`.`followed_id` WHERE `relationships`.`follower_id` = ?  [["follower_id", 1]]
  [1m[36m (0.1ms)[0m  [1mSELECT COUNT(*) FROM `users` INNER JOIN `relationships` ON `users`.`id` = `relationships`.`follower_id` WHERE `relationships`.`followed_id` = ?[0m  [["followed_id", 1]]
  Rendered shared/_stats.html.erb (2.8ms)
  [1m[35mUser Load (0.1ms)[0m  SELECT `users`.* FROM `users` WHERE `users`.`remember_token` = 'eebe4fa7d484ed914c8561ef163a408af1de1b16' LIMIT 1
  Rendered users/_follow_form.html.erb (0.1ms)
  [1m[36mMicropost Exists (0.2ms)[0m  [1mSELECT 1 AS one FROM `microposts` WHERE `microposts`.`user_id` = ? ORDER BY created_at DESC LIMIT 1[0m  [["user_id", 1]]
  [1m[35m (0.1ms)[0m  SELECT COUNT(*) FROM `microposts` WHERE `microposts`.`user_id` = ?  [["user_id", 1]]
  [1m[36mMicropost Load (0.3ms)[0m  [1mSELECT `microposts`.* FROM `microposts` WHERE `microposts`.`user_id` = ? ORDER BY created_at DESC LIMIT 30 OFFSET 0[0m  [["user_id", 1]]
  [1m[35mUser Load (0.2ms)[0m  SELECT `users`.* FROM `users` WHERE `users`.`id` = ? LIMIT 1  [["id", 1]]
  Rendered microposts/_micropost.html.erb (3.0ms)
  Rendered users/show.html.erb within layouts/application (11.7ms)
  Rendered layouts/_shim.html.erb (0.0ms)
  Rendered layouts/_header.html.erb (0.6ms)
  Rendered layouts/_footer.html.erb (0.1ms)
Completed 200 OK in 25ms (Views: 21.8ms | ActiveRecord: 1.4ms)


Started GET "/users/1/followers" for 127.0.0.1 at 2014-04-21 12:54:01 +0700
Processing by UsersController#followers as HTML
  Parameters: {"id"=>"1"}
  [1m[36mUser Load (0.2ms)[0m  [1mSELECT `users`.* FROM `users` WHERE `users`.`remember_token` = 'eebe4fa7d484ed914c8561ef163a408af1de1b16' LIMIT 1[0m
  [1m[35mUser Load (0.2ms)[0m  SELECT `users`.* FROM `users` WHERE `users`.`id` = ? LIMIT 1  [["id", "1"]]
  [1m[36m (0.2ms)[0m  [1mSELECT COUNT(*) FROM `microposts` WHERE `microposts`.`user_id` = ?[0m  [["user_id", 1]]
  [1m[35m (0.1ms)[0m  SELECT COUNT(*) FROM `users` INNER JOIN `relationships` ON `users`.`id` = `relationships`.`followed_id` WHERE `relationships`.`follower_id` = ?  [["follower_id", 1]]
  [1m[36m (0.1ms)[0m  [1mSELECT COUNT(*) FROM `users` INNER JOIN `relationships` ON `users`.`id` = `relationships`.`follower_id` WHERE `relationships`.`followed_id` = ?[0m  [["followed_id", 1]]
  Rendered shared/_stats.html.erb (2.3ms)
  [1m[35mCACHE (0.0ms)[0m  SELECT COUNT(*) FROM `users` INNER JOIN `relationships` ON `users`.`id` = `relationships`.`follower_id` WHERE `relationships`.`followed_id` = ?  [["followed_id", 1]]
  [1m[36mCACHE (0.0ms)[0m  [1mSELECT COUNT(*) FROM `users` INNER JOIN `relationships` ON `users`.`id` = `relationships`.`follower_id` WHERE `relationships`.`followed_id` = ?[0m  [["followed_id", 1]]
  Rendered users/show_follow.html.erb within layouts/application (7.1ms)
  Rendered layouts/_shim.html.erb (0.0ms)
  Rendered layouts/_header.html.erb (0.8ms)
  Rendered layouts/_footer.html.erb (0.1ms)
Completed 200 OK in 22ms (Views: 19.0ms | ActiveRecord: 0.8ms)


Started GET "/users/1/following" for 127.0.0.1 at 2014-04-21 12:54:03 +0700
Processing by UsersController#following as HTML
  Parameters: {"id"=>"1"}
  [1m[35mUser Load (0.2ms)[0m  SELECT `users`.* FROM `users` WHERE `users`.`remember_token` = 'eebe4fa7d484ed914c8561ef163a408af1de1b16' LIMIT 1
  [1m[36mUser Load (0.1ms)[0m  [1mSELECT `users`.* FROM `users` WHERE `users`.`id` = ? LIMIT 1[0m  [["id", "1"]]
  [1m[35m (0.2ms)[0m  SELECT COUNT(*) FROM `microposts` WHERE `microposts`.`user_id` = ?  [["user_id", 1]]
  [1m[36m (0.1ms)[0m  [1mSELECT COUNT(*) FROM `users` INNER JOIN `relationships` ON `users`.`id` = `relationships`.`followed_id` WHERE `relationships`.`follower_id` = ?[0m  [["follower_id", 1]]
  [1m[35m (0.1ms)[0m  SELECT COUNT(*) FROM `users` INNER JOIN `relationships` ON `users`.`id` = `relationships`.`follower_id` WHERE `relationships`.`followed_id` = ?  [["followed_id", 1]]
  Rendered shared/_stats.html.erb (2.5ms)
  [1m[36mCACHE (0.0ms)[0m  [1mSELECT COUNT(*) FROM `users` INNER JOIN `relationships` ON `users`.`id` = `relationships`.`followed_id` WHERE `relationships`.`follower_id` = ?[0m  [["follower_id", 1]]
  [1m[35mCACHE (0.0ms)[0m  SELECT COUNT(*) FROM `users` INNER JOIN `relationships` ON `users`.`id` = `relationships`.`followed_id` WHERE `relationships`.`follower_id` = ?  [["follower_id", 1]]
  Rendered users/show_follow.html.erb within layouts/application (6.6ms)
  Rendered layouts/_shim.html.erb (0.1ms)
  Rendered layouts/_header.html.erb (0.8ms)
  Rendered layouts/_footer.html.erb (0.1ms)
Completed 200 OK in 21ms (Views: 17.9ms | ActiveRecord: 0.7ms)


Started GET "/contact" for 127.0.0.1 at 2014-04-21 12:54:04 +0700
Processing by StaticPagesController#contact as HTML
  Rendered static_pages/contact.html.erb within layouts/application (0.4ms)
  Rendered layouts/_shim.html.erb (0.1ms)
  [1m[36mUser Load (0.2ms)[0m  [1mSELECT `users`.* FROM `users` WHERE `users`.`remember_token` = 'eebe4fa7d484ed914c8561ef163a408af1de1b16' LIMIT 1[0m
  Rendered layouts/_header.html.erb (2.0ms)
  Rendered layouts/_footer.html.erb (0.2ms)
Completed 200 OK in 14ms (Views: 13.1ms | ActiveRecord: 0.2ms)


Started GET "/users/1/edit" for 127.0.0.1 at 2014-04-21 12:54:11 +0700
Processing by UsersController#edit as HTML
  Parameters: {"id"=>"1"}
  [1m[35mUser Load (0.2ms)[0m  SELECT `users`.* FROM `users` WHERE `users`.`remember_token` = 'eebe4fa7d484ed914c8561ef163a408af1de1b16' LIMIT 1
  [1m[36mUser Load (0.1ms)[0m  [1mSELECT `users`.* FROM `users` WHERE `users`.`id` = ? LIMIT 1[0m  [["id", "1"]]
  Rendered shared/_error_messages.html.erb (0.0ms)
  Rendered users/edit.html.erb within layouts/application (3.3ms)
  Rendered layouts/_shim.html.erb (0.1ms)
  Rendered layouts/_header.html.erb (0.7ms)
  Rendered layouts/_footer.html.erb (0.2ms)
Completed 200 OK in 16ms (Views: 14.5ms | ActiveRecord: 0.3ms)
